Arguments: 
  /usr/local/bin/node /usr/local/bin/yarn install

PATH: 
  /usr/local/bin:/usr/local/sbin:/usr/bin:/usr/sbin:/var/lib/snapd/snap/bin

Yarn version: 
  1.22.19

Node version: 
  19.9.0

Platform: 
  linux x64

Trace: 
  Error: read ECONNRESET
      at TLSWrap.onStreamRead (node:internal/stream_base_commons:217:20)

npm manifest: 
  {
  	"name": "fraudomatic-svelte-frontend",
  	"version": "0.0.1",
  	"private": true,
  	"scripts": {
  		"dev": "vite dev",
  		"build": "vite build",
  		"preview": "vite preview",
  		"check": "svelte-kit sync && svelte-check --tsconfig tsconfig.json",
  		"check:watch": "svelte-kit sync && svelte-check --tsconfig tsconfig.json --watch",
  		"lint": "prettier --plugin-search-dir fraudomatic-svelte-frontend --check . && eslint .",
  		"format": "prettier --plugin-search-dir fraudomatic-svelte-frontend --write ."
  	},
  	"devDependencies": {
  		"@sveltejs/adapter-auto": "^2.0.0",
  		"@sveltejs/kit": "^1.20.4",
  		"@tailwindcss/forms": "^0.5.4",
  		"@tailwindcss/typography": "^0.5.9",
  		"@typescript-eslint/eslint-plugin": "^5.45.0",
  		"@typescript-eslint/parser": "^5.45.0",
  		"autoprefixer": "^10.4.14",
  		"daisyui": "^3.6.4",
  		"eslint": "^8.28.0",
  		"eslint-config-prettier": "^8.5.0",
  		"eslint-plugin-svelte": "^2.30.0",
  		"postcss": "^8.4.27",
  		"prettier": "^2.8.0",
  		"prettier-plugin-svelte": "^2.10.1",
  		"svelte": "^4.0.5",
  		"svelte-check": "^3.4.3",
  		"sveltekit-superforms": "^1.6.0",
  		"tailwindcss": "^3.3.3",
  		"tailwindcss-animate": "^1.0.6",
  		"tslib": "^2.4.1",
  		"typescript": "^5.0.0",
  		"vite": "^4.4.2",
  		"zod": "^3.22.2"
  	},
  	"type": "module",
  	"dependencies": {
  		"flowbite": "^1.8.1",
  		"js-yaml": "^4.1.0",
  		"svelte-french-toast": "^1.2.0"
  	}
  }

yarn manifest: 
  No manifest

Lockfile: 
  No lockfile
